Using pre-set license
Built from '2020.3/release' branch; Version is '2020.3.2f1 (8fd9074bf66c) revision 9427207'; Using compiler version '192528614'; Build Type 'Release'
OS: 'Windows 10 Pro; OS build 19042.630; Version 2009; 64bit' Language: 'ru' Physical Memory: 3914 MB
BatchMode: 1, IsHumanControllingUs: 0, StartBugReporterOnCrash: 0, Is64bit: 1, IsPro: 0

 COMMAND LINE ARGUMENTS:
C:\Program Files\Unity\Hub\Editor\2020.3.2f1\Editor\Unity.exe
-adb2
-batchMode
-noUpm
-name
AssetImportWorker0
-projectPath
C:/Users/Китик/Apple Picker
-logFile
Logs/AssetImportWorker0.log
-srvPort
63470
Successfully changed project path to: C:/Users/Китик/Apple Picker
C:/Users/Китик/Apple Picker
Using Asset Import Pipeline V2.
Refreshing native plugins compatible for Editor in 41.10 ms, found 0 plugins.
Preloading 0 native plugins for Editor in 0.00 ms.
Initialize engine version: 2020.3.2f1 (8fd9074bf66c)
[Subsystems] Discovering subsystems at path C:/Program Files/Unity/Hub/Editor/2020.3.2f1/Editor/Data/Resources/UnitySubsystems
[Subsystems] Discovering subsystems at path C:/Users/Китик/Apple Picker/Assets
GfxDevice: creating device client; threaded=0
Direct3D:
    Version:  Direct3D 11.0 [level 11.0]
    Renderer: NVIDIA GeForce 710M (ID=0x1140)
    Vendor:   
    VRAM:     978 MB
    Driver:   21.21.13.7654
Initialize mono
Mono path[0] = 'C:/Program Files/Unity/Hub/Editor/2020.3.2f1/Editor/Data/Managed'
Mono path[1] = 'C:/Program Files/Unity/Hub/Editor/2020.3.2f1/Editor/Data/MonoBleedingEdge/lib/mono/unityjit'
Mono config path = 'C:/Program Files/Unity/Hub/Editor/2020.3.2f1/Editor/Data/MonoBleedingEdge/etc'
Using monoOptions --debugger-agent=transport=dt_socket,embedding=1,server=y,suspend=n,address=127.0.0.1:56680
Begin MonoManager ReloadAssembly
Registering precompiled unity dll's ...
Register platform support module: C:/Program Files/Unity/Hub/Editor/2020.3.2f1/Editor/Data/PlaybackEngines/WebGLSupport/UnityEditor.WebGL.Extensions.dll
Register platform support module: C:/Program Files/Unity/Hub/Editor/2020.3.2f1/Editor/Data/PlaybackEngines/WindowsStandaloneSupport/UnityEditor.WindowsStandalone.Extensions.dll
Registered in 0.002581 seconds.
Native extension for WindowsStandalone target not found
Native extension for WebGL target not found
Refreshing native plugins compatible for Editor in 42.06 ms, found 0 plugins.
Preloading 0 native plugins for Editor in 0.00 ms.
Invoked RoslynAnalysisRunner static constructor.
RoslynAnalysisRunner will not be running.
RoslynAnalysisRunner has terminated.
Mono: successfully reloaded assembly
- Completed reload, in  3.237 seconds
Platform modules already initialized, skipping
Registering precompiled user dll's ...
Registered in 0.000844 seconds.
Begin MonoManager ReloadAssembly
Native extension for WindowsStandalone target not found
Native extension for WebGL target not found
Refreshing native plugins compatible for Editor in 0.28 ms, found 0 plugins.
Preloading 0 native plugins for Editor in 0.00 ms.
Invoked RoslynAnalysisRunner static constructor.
RoslynAnalysisRunner will not be running.
RoslynAnalysisRunner has terminated.
Mono: successfully reloaded assembly
- Completed reload, in  1.424 seconds
Platform modules already initialized, skipping
========================================================================
Worker process is ready to serve import requests
Launched and connected shader compiler UnityShaderCompiler.exe after 0.08 seconds
Refreshing native plugins compatible for Editor in 0.49 ms, found 0 plugins.
Preloading 0 native plugins for Editor in 0.00 ms.
Unloading 1120 Unused Serialized files (Serialized files now loaded: 0)
System memory in use before: 57.4 MB.
System memory in use after: 57.4 MB.

Unloading 10 unused Assets to reduce memory usage. Loaded Objects now: 1563.
Total: 3.719900 ms (FindLiveObjects: 0.298800 ms CreateObjectMapping: 0.086500 ms MarkObjects: 3.109900 ms  DeleteObjects: 0.216900 ms)

========================================================================
Received Import Request.
  path: Assets/Scripts/HIghScore.cs
  artifactKey: Guid(542b0eb3f02c16f47a3c821efe7f0790) Importer(815301076,1909f56bfc062723c751e8b465ee728b)
Start importing Assets/Scripts/HIghScore.cs using Guid(542b0eb3f02c16f47a3c821efe7f0790) Importer(815301076,1909f56bfc062723c751e8b465ee728b)  -> (artifact id: '82e178f187a7e28140a7b2db1f8a854b') in 0.225224 seconds
  Import took 0.231959 seconds .

========================================================================
Received Prepare
Registering precompiled user dll's ...
Registered in 0.000793 seconds.
Begin MonoManager ReloadAssembly
Native extension for WindowsStandalone target not found
Native extension for WebGL target not found
Refreshing native plugins compatible for Editor in 0.40 ms, found 0 plugins.
Preloading 0 native plugins for Editor in 0.00 ms.
Invoked RoslynAnalysisRunner static constructor.
RoslynAnalysisRunner will not be running.
RoslynAnalysisRunner has terminated.
Mono: successfully reloaded assembly
- Completed reload, in  1.234 seconds
Platform modules already initialized, skipping
Refreshing native plugins compatible for Editor in 0.29 ms, found 0 plugins.
Preloading 0 native plugins for Editor in 0.00 ms.
Unloading 1115 Unused Serialized files (Serialized files now loaded: 0)
System memory in use before: 57.3 MB.
System memory in use after: 57.4 MB.

Unloading 5 unused Assets to reduce memory usage. Loaded Objects now: 1566.
Total: 2.511200 ms (FindLiveObjects: 0.251200 ms CreateObjectMapping: 0.118100 ms MarkObjects: 2.058200 ms  DeleteObjects: 0.082200 ms)

========================================================================
Received Prepare
Registering precompiled user dll's ...
Registered in 0.000818 seconds.
Begin MonoManager ReloadAssembly
Native extension for WindowsStandalone target not found
Native extension for WebGL target not found
Refreshing native plugins compatible for Editor in 0.28 ms, found 0 plugins.
Preloading 0 native plugins for Editor in 0.00 ms.
Invoked RoslynAnalysisRunner static constructor.
RoslynAnalysisRunner will not be running.
RoslynAnalysisRunner has terminated.
Mono: successfully reloaded assembly
- Completed reload, in  1.232 seconds
Platform modules already initialized, skipping
Refreshing native plugins compatible for Editor in 0.29 ms, found 0 plugins.
Preloading 0 native plugins for Editor in 0.00 ms.
Unloading 1115 Unused Serialized files (Serialized files now loaded: 0)
System memory in use before: 57.3 MB.
System memory in use after: 57.4 MB.

Unloading 5 unused Assets to reduce memory usage. Loaded Objects now: 1569.
Total: 3.213000 ms (FindLiveObjects: 0.221600 ms CreateObjectMapping: 0.114200 ms MarkObjects: 2.794700 ms  DeleteObjects: 0.079900 ms)

========================================================================
Received Import Request.
  Time since last request: 473.085048 seconds.
  path: Assets/Scripts/Basket.cs
  artifactKey: Guid(97001da77c56f5e44936264167592269) Importer(815301076,1909f56bfc062723c751e8b465ee728b)
Start importing Assets/Scripts/Basket.cs using Guid(97001da77c56f5e44936264167592269) Importer(815301076,1909f56bfc062723c751e8b465ee728b)  -> (artifact id: '877780f68470d339bc8508451de77aea') in 0.029855 seconds
  Import took 0.034889 seconds .

========================================================================
Received Prepare
Registering precompiled user dll's ...
Registered in 0.000788 seconds.
Begin MonoManager ReloadAssembly
Native extension for WindowsStandalone target not found
Native extension for WebGL target not found
Refreshing native plugins compatible for Editor in 0.28 ms, found 0 plugins.
Preloading 0 native plugins for Editor in 0.00 ms.
Invoked RoslynAnalysisRunner static constructor.
RoslynAnalysisRunner will not be running.
RoslynAnalysisRunner has terminated.
Mono: successfully reloaded assembly
- Completed reload, in  1.244 seconds
Platform modules already initialized, skipping
Refreshing native plugins compatible for Editor in 0.28 ms, found 0 plugins.
Preloading 0 native plugins for Editor in 0.00 ms.
Unloading 1115 Unused Serialized files (Serialized files now loaded: 0)
System memory in use before: 57.3 MB.
System memory in use after: 57.4 MB.

Unloading 5 unused Assets to reduce memory usage. Loaded Objects now: 1572.
Total: 2.628300 ms (FindLiveObjects: 0.463000 ms CreateObjectMapping: 0.152100 ms MarkObjects: 1.915500 ms  DeleteObjects: 0.091100 ms)

========================================================================
Received Import Request.
  Time since last request: 18.369918 seconds.
  path: Assets/Scripts/Basket.cs
  artifactKey: Guid(97001da77c56f5e44936264167592269) Importer(815301076,1909f56bfc062723c751e8b465ee728b)
Start importing Assets/Scripts/Basket.cs using Guid(97001da77c56f5e44936264167592269) Importer(815301076,1909f56bfc062723c751e8b465ee728b)  -> (artifact id: '18b09541aaa7b2947907457bb0ffcf30') in 0.005295 seconds
  Import took 0.016259 seconds .

========================================================================
Received Import Request.
  Time since last request: 70.967894 seconds.
  path: Assets/Scripts/HIghScore.cs
  artifactKey: Guid(542b0eb3f02c16f47a3c821efe7f0790) Importer(815301076,1909f56bfc062723c751e8b465ee728b)
Start importing Assets/Scripts/HIghScore.cs using Guid(542b0eb3f02c16f47a3c821efe7f0790) Importer(815301076,1909f56bfc062723c751e8b465ee728b)  -> (artifact id: 'a12a7fc50081275e2d4c45223eb029fa') in 0.004938 seconds
  Import took 0.010509 seconds .

========================================================================
Received Import Request.
  Time since last request: 0.000818 seconds.
  path: Assets/Scripts/HIghScore.cs
  artifactKey: Guid(542b0eb3f02c16f47a3c821efe7f0790) Importer(815301076,1909f56bfc062723c751e8b465ee728b)
Start importing Assets/Scripts/HIghScore.cs using Guid(542b0eb3f02c16f47a3c821efe7f0790) Importer(815301076,1909f56bfc062723c751e8b465ee728b)  -> (artifact id: 'a12a7fc50081275e2d4c45223eb029fa') in 0.006383 seconds
  Import took 0.011384 seconds .

========================================================================
Received Prepare
Registering precompiled user dll's ...
Registered in 0.000796 seconds.
Begin MonoManager ReloadAssembly
Native extension for WindowsStandalone target not found
Native extension for WebGL target not found
Refreshing native plugins compatible for Editor in 0.28 ms, found 0 plugins.
Preloading 0 native plugins for Editor in 0.00 ms.
Invoked RoslynAnalysisRunner static constructor.
RoslynAnalysisRunner will not be running.
RoslynAnalysisRunner has terminated.
Mono: successfully reloaded assembly
- Completed reload, in  1.119 seconds
Platform modules already initialized, skipping
Refreshing native plugins compatible for Editor in 0.27 ms, found 0 plugins.
Preloading 0 native plugins for Editor in 0.00 ms.
Unloading 1115 Unused Serialized files (Serialized files now loaded: 0)
System memory in use before: 57.4 MB.
System memory in use after: 57.4 MB.

Unloading 5 unused Assets to reduce memory usage. Loaded Objects now: 1575.
Total: 2.452500 ms (FindLiveObjects: 0.206600 ms CreateObjectMapping: 0.127200 ms MarkObjects: 2.054300 ms  DeleteObjects: 0.063000 ms)

========================================================================
Received Prepare
Registering precompiled user dll's ...
Registered in 0.000776 seconds.
Begin MonoManager ReloadAssembly
Native extension for WindowsStandalone target not found
Native extension for WebGL target not found
Refreshing native plugins compatible for Editor in 0.28 ms, found 0 plugins.
Preloading 0 native plugins for Editor in 0.00 ms.
Invoked RoslynAnalysisRunner static constructor.
RoslynAnalysisRunner will not be running.
RoslynAnalysisRunner has terminated.
Mono: successfully reloaded assembly
- Completed reload, in  1.263 seconds
Platform modules already initialized, skipping
Refreshing native plugins compatible for Editor in 0.29 ms, found 0 plugins.
Preloading 0 native plugins for Editor in 0.00 ms.
Unloading 1115 Unused Serialized files (Serialized files now loaded: 0)
System memory in use before: 57.4 MB.
System memory in use after: 57.4 MB.

Unloading 5 unused Assets to reduce memory usage. Loaded Objects now: 1578.
Total: 3.710200 ms (FindLiveObjects: 0.515900 ms CreateObjectMapping: 0.178000 ms MarkObjects: 2.932900 ms  DeleteObjects: 0.080800 ms)

========================================================================
Received Prepare
Registering precompiled user dll's ...
Registered in 0.000795 seconds.
Begin MonoManager ReloadAssembly
Native extension for WindowsStandalone target not found
Native extension for WebGL target not found
Refreshing native plugins compatible for Editor in 0.29 ms, found 0 plugins.
Preloading 0 native plugins for Editor in 0.00 ms.
Invoked RoslynAnalysisRunner static constructor.
RoslynAnalysisRunner will not be running.
RoslynAnalysisRunner has terminated.
Mono: successfully reloaded assembly
- Completed reload, in  1.270 seconds
Platform modules already initialized, skipping
Refreshing native plugins compatible for Editor in 0.29 ms, found 0 plugins.
Preloading 0 native plugins for Editor in 0.00 ms.
Unloading 1115 Unused Serialized files (Serialized files now loaded: 0)
System memory in use before: 57.4 MB.
System memory in use after: 57.4 MB.

Unloading 5 unused Assets to reduce memory usage. Loaded Objects now: 1581.
Total: 3.615300 ms (FindLiveObjects: 0.437000 ms CreateObjectMapping: 0.162800 ms MarkObjects: 2.925800 ms  DeleteObjects: 0.087300 ms)

========================================================================
Received Prepare
Registering precompiled user dll's ...
Registered in 0.000785 seconds.
Begin MonoManager ReloadAssembly
Native extension for WindowsStandalone target not found
Native extension for WebGL target not found
Refreshing native plugins compatible for Editor in 0.33 ms, found 0 plugins.
Preloading 0 native plugins for Editor in 0.00 ms.
Invoked RoslynAnalysisRunner static constructor.
RoslynAnalysisRunner will not be running.
RoslynAnalysisRunner has terminated.
Mono: successfully reloaded assembly
- Completed reload, in  1.093 seconds
Platform modules already initialized, skipping
Refreshing native plugins compatible for Editor in 0.28 ms, found 0 plugins.
Preloading 0 native plugins for Editor in 0.00 ms.
Unloading 1115 Unused Serialized files (Serialized files now loaded: 0)
System memory in use before: 57.4 MB.
System memory in use after: 57.4 MB.

Unloading 5 unused Assets to reduce memory usage. Loaded Objects now: 1584.
Total: 3.087800 ms (FindLiveObjects: 0.318200 ms CreateObjectMapping: 0.145400 ms MarkObjects: 2.540700 ms  DeleteObjects: 0.080300 ms)

========================================================================
Received Prepare
Registering precompiled user dll's ...
Registered in 0.000807 seconds.
Begin MonoManager ReloadAssembly
Native extension for WindowsStandalone target not found
Native extension for WebGL target not found
Refreshing native plugins compatible for Editor in 0.28 ms, found 0 plugins.
Preloading 0 native plugins for Editor in 0.00 ms.
Invoked RoslynAnalysisRunner static constructor.
RoslynAnalysisRunner will not be running.
RoslynAnalysisRunner has terminated.
Mono: successfully reloaded assembly
- Completed reload, in  1.275 seconds
Platform modules already initialized, skipping
Refreshing native plugins compatible for Editor in 0.29 ms, found 0 plugins.
Preloading 0 native plugins for Editor in 0.00 ms.
Unloading 1115 Unused Serialized files (Serialized files now loaded: 0)
System memory in use before: 57.4 MB.
System memory in use after: 57.5 MB.

Unloading 5 unused Assets to reduce memory usage. Loaded Objects now: 1587.
Total: 2.749900 ms (FindLiveObjects: 0.396200 ms CreateObjectMapping: 0.170400 ms MarkObjects: 2.111200 ms  DeleteObjects: 0.069900 ms)

========================================================================
Received Prepare
Registering precompiled user dll's ...
Registered in 0.002056 seconds.
Begin MonoManager ReloadAssembly
Native extension for WindowsStandalone target not found
Native extension for WebGL target not found
Refreshing native plugins compatible for Editor in 0.27 ms, found 0 plugins.
Preloading 0 native plugins for Editor in 0.00 ms.
Invoked RoslynAnalysisRunner static constructor.
RoslynAnalysisRunner will not be running.
RoslynAnalysisRunner has terminated.
Mono: successfully reloaded assembly
- Completed reload, in  1.272 seconds
Platform modules already initialized, skipping
Refreshing native plugins compatible for Editor in 0.29 ms, found 0 plugins.
Preloading 0 native plugins for Editor in 0.00 ms.
Unloading 1115 Unused Serialized files (Serialized files now loaded: 0)
System memory in use before: 57.4 MB.
System memory in use after: 57.5 MB.

Unloading 5 unused Assets to reduce memory usage. Loaded Objects now: 1590.
Total: 2.563800 ms (FindLiveObjects: 0.419700 ms CreateObjectMapping: 0.121100 ms MarkObjects: 1.955200 ms  DeleteObjects: 0.065800 ms)

========================================================================
Received Prepare
Registering precompiled user dll's ...
Registered in 0.000819 seconds.
Begin MonoManager ReloadAssembly
Native extension for WindowsStandalone target not found
Native extension for WebGL target not found
Refreshing native plugins compatible for Editor in 0.32 ms, found 0 plugins.
Preloading 0 native plugins for Editor in 0.00 ms.
Invoked RoslynAnalysisRunner static constructor.
RoslynAnalysisRunner will not be running.
RoslynAnalysisRunner has terminated.
Mono: successfully reloaded assembly
- Completed reload, in  1.055 seconds
Platform modules already initialized, skipping
Refreshing native plugins compatible for Editor in 0.28 ms, found 0 plugins.
Preloading 0 native plugins for Editor in 0.00 ms.
Unloading 1115 Unused Serialized files (Serialized files now loaded: 0)
System memory in use before: 57.4 MB.
System memory in use after: 57.5 MB.

Unloading 5 unused Assets to reduce memory usage. Loaded Objects now: 1593.
Total: 2.413100 ms (FindLiveObjects: 0.215000 ms CreateObjectMapping: 0.128200 ms MarkObjects: 1.996800 ms  DeleteObjects: 0.071200 ms)

========================================================================
Received Import Request.
  Time since last request: 1284.938540 seconds.
  path: Assets/Scripts/HIghScore.cs
  artifactKey: Guid(542b0eb3f02c16f47a3c821efe7f0790) Importer(815301076,1909f56bfc062723c751e8b465ee728b)
Start importing Assets/Scripts/HIghScore.cs using Guid(542b0eb3f02c16f47a3c821efe7f0790) Importer(815301076,1909f56bfc062723c751e8b465ee728b)  -> (artifact id: '28f5fce5490d63133b1215a57e37ccc0') in 0.005687 seconds
  Import took 0.009175 seconds .

========================================================================
Received Import Request.
  Time since last request: 13.545917 seconds.
  path: Assets/Scripts/HIghScore.cs
  artifactKey: Guid(542b0eb3f02c16f47a3c821efe7f0790) Importer(815301076,1909f56bfc062723c751e8b465ee728b)
Start importing Assets/Scripts/HIghScore.cs using Guid(542b0eb3f02c16f47a3c821efe7f0790) Importer(815301076,1909f56bfc062723c751e8b465ee728b)  -> (artifact id: '1bf4575f9354dbb3c078a5f5765b44f6') in 0.009976 seconds
  Import took 0.015156 seconds .

========================================================================
Received Import Request.
  Time since last request: 38.960280 seconds.
  path: Assets/Scripts/HIghScore.cs
  artifactKey: Guid(542b0eb3f02c16f47a3c821efe7f0790) Importer(815301076,1909f56bfc062723c751e8b465ee728b)
Start importing Assets/Scripts/HIghScore.cs using Guid(542b0eb3f02c16f47a3c821efe7f0790) Importer(815301076,1909f56bfc062723c751e8b465ee728b)  -> (artifact id: '2ed7518e0eb1c97f8050cb0f943b6854') in 0.011382 seconds
  Import took 0.016775 seconds .

========================================================================
Received Import Request.
  Time since last request: 24.656650 seconds.
  path: Assets/Scripts/HIghScore.cs
  artifactKey: Guid(542b0eb3f02c16f47a3c821efe7f0790) Importer(815301076,1909f56bfc062723c751e8b465ee728b)
Start importing Assets/Scripts/HIghScore.cs using Guid(542b0eb3f02c16f47a3c821efe7f0790) Importer(815301076,1909f56bfc062723c751e8b465ee728b)  -> (artifact id: '3a78170868fd8fc6ae6c2bea6b6b4af5') in 0.007409 seconds
  Import took 0.013506 seconds .

========================================================================
Received Prepare
Registering precompiled user dll's ...
Registered in 0.000832 seconds.
Begin MonoManager ReloadAssembly
Native extension for WindowsStandalone target not found
Native extension for WebGL target not found
Refreshing native plugins compatible for Editor in 0.32 ms, found 0 plugins.
Preloading 0 native plugins for Editor in 0.00 ms.
Invoked RoslynAnalysisRunner static constructor.
RoslynAnalysisRunner will not be running.
RoslynAnalysisRunner has terminated.
Mono: successfully reloaded assembly
- Completed reload, in  1.226 seconds
Platform modules already initialized, skipping
Refreshing native plugins compatible for Editor in 0.30 ms, found 0 plugins.
Preloading 0 native plugins for Editor in 0.00 ms.
Unloading 1115 Unused Serialized files (Serialized files now loaded: 0)
System memory in use before: 57.4 MB.
System memory in use after: 57.5 MB.

Unloading 5 unused Assets to reduce memory usage. Loaded Objects now: 1596.
Total: 2.807000 ms (FindLiveObjects: 0.393600 ms CreateObjectMapping: 0.152800 ms MarkObjects: 2.192500 ms  DeleteObjects: 0.065700 ms)

========================================================================
Received Import Request.
  Time since last request: 162.612417 seconds.
  path: Assets/Scripts/HIghScore.cs
  artifactKey: Guid(542b0eb3f02c16f47a3c821efe7f0790) Importer(815301076,1909f56bfc062723c751e8b465ee728b)
Start importing Assets/Scripts/HIghScore.cs using Guid(542b0eb3f02c16f47a3c821efe7f0790) Importer(815301076,1909f56bfc062723c751e8b465ee728b)  -> (artifact id: '9bf91cc1abce74be19f44699da483e16') in 0.005569 seconds
  Import took 0.012419 seconds .

========================================================================
Received Prepare
Registering precompiled user dll's ...
Registered in 0.000811 seconds.
Begin MonoManager ReloadAssembly
Native extension for WindowsStandalone target not found
Native extension for WebGL target not found
Refreshing native plugins compatible for Editor in 0.27 ms, found 0 plugins.
Preloading 0 native plugins for Editor in 0.00 ms.
Invoked RoslynAnalysisRunner static constructor.
RoslynAnalysisRunner will not be running.
RoslynAnalysisRunner has terminated.
Mono: successfully reloaded assembly
- Completed reload, in  1.095 seconds
Platform modules already initialized, skipping
Refreshing native plugins compatible for Editor in 0.28 ms, found 0 plugins.
Preloading 0 native plugins for Editor in 0.00 ms.
Unloading 1115 Unused Serialized files (Serialized files now loaded: 0)
System memory in use before: 57.4 MB.
System memory in use after: 57.5 MB.

Unloading 5 unused Assets to reduce memory usage. Loaded Objects now: 1599.
Total: 2.364200 ms (FindLiveObjects: 0.262600 ms CreateObjectMapping: 0.072600 ms MarkObjects: 1.959900 ms  DeleteObjects: 0.067200 ms)

AssetImportWorkerClient::OnTransportError - code=2 error=End of file
