Using pre-set license
Built from '2020.3/release' branch; Version is '2020.3.2f1 (8fd9074bf66c) revision 9427207'; Using compiler version '192528614'; Build Type 'Release'
OS: 'Windows 10 Pro; OS build 19042.630; Version 2009; 64bit' Language: 'ru' Physical Memory: 3914 MB
BatchMode: 1, IsHumanControllingUs: 0, StartBugReporterOnCrash: 0, Is64bit: 1, IsPro: 0

 COMMAND LINE ARGUMENTS:
C:\Program Files\Unity\Hub\Editor\2020.3.2f1\Editor\Unity.exe
-adb2
-batchMode
-noUpm
-name
AssetImportWorker0
-projectPath
C:/Users/Китик/Apple Picker
-logFile
Logs/AssetImportWorker0.log
-srvPort
50742
Successfully changed project path to: C:/Users/Китик/Apple Picker
C:/Users/Китик/Apple Picker
Using Asset Import Pipeline V2.
Refreshing native plugins compatible for Editor in 36.14 ms, found 0 plugins.
Preloading 0 native plugins for Editor in 0.00 ms.
Initialize engine version: 2020.3.2f1 (8fd9074bf66c)
[Subsystems] Discovering subsystems at path C:/Program Files/Unity/Hub/Editor/2020.3.2f1/Editor/Data/Resources/UnitySubsystems
[Subsystems] Discovering subsystems at path C:/Users/Китик/Apple Picker/Assets
GfxDevice: creating device client; threaded=0
Direct3D:
    Version:  Direct3D 11.0 [level 11.0]
    Renderer: NVIDIA GeForce 710M (ID=0x1140)
    Vendor:   
    VRAM:     978 MB
    Driver:   21.21.13.7654
Initialize mono
Mono path[0] = 'C:/Program Files/Unity/Hub/Editor/2020.3.2f1/Editor/Data/Managed'
Mono path[1] = 'C:/Program Files/Unity/Hub/Editor/2020.3.2f1/Editor/Data/MonoBleedingEdge/lib/mono/unityjit'
Mono config path = 'C:/Program Files/Unity/Hub/Editor/2020.3.2f1/Editor/Data/MonoBleedingEdge/etc'
Using monoOptions --debugger-agent=transport=dt_socket,embedding=1,server=y,suspend=n,address=127.0.0.1:56964
Begin MonoManager ReloadAssembly
Registering precompiled unity dll's ...
Register platform support module: C:/Program Files/Unity/Hub/Editor/2020.3.2f1/Editor/Data/PlaybackEngines/WebGLSupport/UnityEditor.WebGL.Extensions.dll
Register platform support module: C:/Program Files/Unity/Hub/Editor/2020.3.2f1/Editor/Data/PlaybackEngines/WindowsStandaloneSupport/UnityEditor.WindowsStandalone.Extensions.dll
Registered in 0.003904 seconds.
Native extension for WindowsStandalone target not found
Native extension for WebGL target not found
Refreshing native plugins compatible for Editor in 55.81 ms, found 0 plugins.
Preloading 0 native plugins for Editor in 0.00 ms.
Invoked RoslynAnalysisRunner static constructor.
RoslynAnalysisRunner will not be running.
RoslynAnalysisRunner has terminated.
Mono: successfully reloaded assembly
- Completed reload, in  3.817 seconds
Platform modules already initialized, skipping
Registering precompiled user dll's ...
Registered in 0.001378 seconds.
Begin MonoManager ReloadAssembly
Native extension for WindowsStandalone target not found
Native extension for WebGL target not found
Refreshing native plugins compatible for Editor in 0.34 ms, found 0 plugins.
Preloading 0 native plugins for Editor in 0.00 ms.
Invoked RoslynAnalysisRunner static constructor.
RoslynAnalysisRunner will not be running.
RoslynAnalysisRunner has terminated.
Mono: successfully reloaded assembly
- Completed reload, in  1.936 seconds
Platform modules already initialized, skipping
========================================================================
Worker process is ready to serve import requests
Launched and connected shader compiler UnityShaderCompiler.exe after 0.16 seconds
Refreshing native plugins compatible for Editor in 0.63 ms, found 0 plugins.
Preloading 0 native plugins for Editor in 0.00 ms.
Unloading 1119 Unused Serialized files (Serialized files now loaded: 0)
System memory in use before: 57.3 MB.
System memory in use after: 57.3 MB.

Unloading 10 unused Assets to reduce memory usage. Loaded Objects now: 1561.
Total: 4.248000 ms (FindLiveObjects: 0.409100 ms CreateObjectMapping: 0.111400 ms MarkObjects: 3.531600 ms  DeleteObjects: 0.192900 ms)

========================================================================
Received Import Request.
  path: Assets/Prefabs/Basket.prefab
  artifactKey: Guid(37dc5d84d07c60d4f863f80cfef91dc4) Importer(815301076,1909f56bfc062723c751e8b465ee728b)
Start importing Assets/Prefabs/Basket.prefab using Guid(37dc5d84d07c60d4f863f80cfef91dc4) Importer(815301076,1909f56bfc062723c751e8b465ee728b)  -> (artifact id: 'e08b21cb61ae41bee6dc8bb07b15ebd2') in 0.288239 seconds
  Import took 0.296245 seconds .

========================================================================
Received Import Request.
  Time since last request: 78.217152 seconds.
  path: Assets/Scenes/SampleScene.unity
  artifactKey: Guid(9fc0d4010bbf28b4594072e72b8655ab) Importer(815301076,1909f56bfc062723c751e8b465ee728b)
Start importing Assets/Scenes/SampleScene.unity using Guid(9fc0d4010bbf28b4594072e72b8655ab) Importer(815301076,1909f56bfc062723c751e8b465ee728b)  -> (artifact id: '541e7209b2272a05b544c69712550377') in 0.012818 seconds
  Import took 0.023140 seconds .

========================================================================
Received Prepare
Refreshing native plugins compatible for Editor in 1.01 ms, found 0 plugins.
Preloading 0 native plugins for Editor in 0.00 ms.
Unloading 3 Unused Serialized files (Serialized files now loaded: 0)
System memory in use before: 38.3 MB.
System memory in use after: 38.4 MB.

Unloading 3 unused Assets to reduce memory usage. Loaded Objects now: 1569.
Total: 4.225300 ms (FindLiveObjects: 0.522500 ms CreateObjectMapping: 0.331000 ms MarkObjects: 3.279300 ms  DeleteObjects: 0.089600 ms)

========================================================================
Received Import Request.
  Time since last request: 31.103106 seconds.
  path: Assets/Scenes/Scene_0.unity
  artifactKey: Guid(9fc0d4010bbf28b4594072e72b8655ab) Importer(815301076,1909f56bfc062723c751e8b465ee728b)
Start importing Assets/Scenes/Scene_0.unity using Guid(9fc0d4010bbf28b4594072e72b8655ab) Importer(815301076,1909f56bfc062723c751e8b465ee728b)  -> (artifact id: 'a80e77c6eb9ef51d366b9cf7309c2eaf') in 0.014540 seconds
  Import took 0.024101 seconds .

========================================================================
Received Import Request.
  Time since last request: 3.126002 seconds.
  path: Assets/Scenes/Scene_0 1.unity
  artifactKey: Guid(b39d0f767862bf34c84a1aabd0de2a96) Importer(815301076,1909f56bfc062723c751e8b465ee728b)
Start importing Assets/Scenes/Scene_0 1.unity using Guid(b39d0f767862bf34c84a1aabd0de2a96) Importer(815301076,1909f56bfc062723c751e8b465ee728b)  -> (artifact id: 'b820e3ecd29d84eebb92cadb6990c0da') in 0.011083 seconds
  Import took 0.018895 seconds .

========================================================================
Received Import Request.
  Time since last request: 16.368488 seconds.
  path: Assets/Scenes/Scene_1.unity
  artifactKey: Guid(b39d0f767862bf34c84a1aabd0de2a96) Importer(815301076,1909f56bfc062723c751e8b465ee728b)
Start importing Assets/Scenes/Scene_1.unity using Guid(b39d0f767862bf34c84a1aabd0de2a96) Importer(815301076,1909f56bfc062723c751e8b465ee728b)  -> (artifact id: 'afca0e0ea3647d9ba9d9af73ee3546a0') in 0.013454 seconds
  Import took 0.023470 seconds .

========================================================================
Received Prepare
Registering precompiled user dll's ...
Registered in 0.000864 seconds.
Begin MonoManager ReloadAssembly
Native extension for WindowsStandalone target not found
Native extension for WebGL target not found
Refreshing native plugins compatible for Editor in 0.27 ms, found 0 plugins.
Preloading 0 native plugins for Editor in 0.00 ms.
Invoked RoslynAnalysisRunner static constructor.
RoslynAnalysisRunner will not be running.
RoslynAnalysisRunner has terminated.
Mono: successfully reloaded assembly
- Completed reload, in  1.061 seconds
Platform modules already initialized, skipping
Refreshing native plugins compatible for Editor in 0.30 ms, found 0 plugins.
Preloading 0 native plugins for Editor in 0.00 ms.
Unloading 1114 Unused Serialized files (Serialized files now loaded: 0)
System memory in use before: 60.4 MB.
System memory in use after: 60.4 MB.

Unloading 5 unused Assets to reduce memory usage. Loaded Objects now: 1572.
Total: 2.438500 ms (FindLiveObjects: 0.265800 ms CreateObjectMapping: 0.133200 ms MarkObjects: 1.969200 ms  DeleteObjects: 0.068700 ms)

========================================================================
Received Prepare
Registering precompiled user dll's ...
Registered in 0.001104 seconds.
Begin MonoManager ReloadAssembly
Native extension for WindowsStandalone target not found
Native extension for WebGL target not found
Refreshing native plugins compatible for Editor in 0.27 ms, found 0 plugins.
Preloading 0 native plugins for Editor in 0.00 ms.
Invoked RoslynAnalysisRunner static constructor.
RoslynAnalysisRunner will not be running.
RoslynAnalysisRunner has terminated.
Mono: successfully reloaded assembly
- Completed reload, in  1.514 seconds
Platform modules already initialized, skipping
Refreshing native plugins compatible for Editor in 0.28 ms, found 0 plugins.
Preloading 0 native plugins for Editor in 0.00 ms.
Unloading 1114 Unused Serialized files (Serialized files now loaded: 0)
System memory in use before: 60.4 MB.
System memory in use after: 60.4 MB.

Unloading 5 unused Assets to reduce memory usage. Loaded Objects now: 1575.
Total: 3.618900 ms (FindLiveObjects: 0.475800 ms CreateObjectMapping: 0.196300 ms MarkObjects: 2.869800 ms  DeleteObjects: 0.075200 ms)

========================================================================
Received Prepare
Registering precompiled user dll's ...
Registered in 0.000827 seconds.
Begin MonoManager ReloadAssembly
Native extension for WindowsStandalone target not found
Native extension for WebGL target not found
Refreshing native plugins compatible for Editor in 0.79 ms, found 0 plugins.
Preloading 0 native plugins for Editor in 0.00 ms.
Invoked RoslynAnalysisRunner static constructor.
RoslynAnalysisRunner will not be running.
RoslynAnalysisRunner has terminated.
Mono: successfully reloaded assembly
- Completed reload, in  1.334 seconds
Platform modules already initialized, skipping
Refreshing native plugins compatible for Editor in 0.28 ms, found 0 plugins.
Preloading 0 native plugins for Editor in 0.00 ms.
Unloading 1114 Unused Serialized files (Serialized files now loaded: 0)
System memory in use before: 60.4 MB.
System memory in use after: 60.5 MB.

Unloading 5 unused Assets to reduce memory usage. Loaded Objects now: 1578.
Total: 2.859100 ms (FindLiveObjects: 0.499000 ms CreateObjectMapping: 0.180100 ms MarkObjects: 2.093600 ms  DeleteObjects: 0.083900 ms)

========================================================================
Received Import Request.
  Time since last request: 1141.763893 seconds.
  path: Assets/Scripts/Basket.cs
  artifactKey: Guid(97001da77c56f5e44936264167592269) Importer(815301076,1909f56bfc062723c751e8b465ee728b)
Start importing Assets/Scripts/Basket.cs using Guid(97001da77c56f5e44936264167592269) Importer(815301076,1909f56bfc062723c751e8b465ee728b)  -> (artifact id: '9b5175ac5fd668c7f9e9cacd2f01bf7a') in 0.012872 seconds
  Import took 0.019418 seconds .

========================================================================
Received Prepare
Registering precompiled user dll's ...
Registered in 0.001288 seconds.
Begin MonoManager ReloadAssembly
Native extension for WindowsStandalone target not found
Native extension for WebGL target not found
Refreshing native plugins compatible for Editor in 0.33 ms, found 0 plugins.
Preloading 0 native plugins for Editor in 0.00 ms.
Invoked RoslynAnalysisRunner static constructor.
RoslynAnalysisRunner will not be running.
RoslynAnalysisRunner has terminated.
Mono: successfully reloaded assembly
- Completed reload, in  1.248 seconds
Platform modules already initialized, skipping
Refreshing native plugins compatible for Editor in 0.39 ms, found 0 plugins.
Preloading 0 native plugins for Editor in 0.00 ms.
Unloading 1114 Unused Serialized files (Serialized files now loaded: 0)
System memory in use before: 60.4 MB.
System memory in use after: 60.5 MB.

Unloading 5 unused Assets to reduce memory usage. Loaded Objects now: 1581.
Total: 3.073100 ms (FindLiveObjects: 0.276800 ms CreateObjectMapping: 0.075700 ms MarkObjects: 2.619000 ms  DeleteObjects: 0.099600 ms)

========================================================================
Received Import Request.
  Time since last request: 1396.258644 seconds.
  path: Assets/Scripts/Basket.cs
  artifactKey: Guid(97001da77c56f5e44936264167592269) Importer(815301076,1909f56bfc062723c751e8b465ee728b)
Start importing Assets/Scripts/Basket.cs using Guid(97001da77c56f5e44936264167592269) Importer(815301076,1909f56bfc062723c751e8b465ee728b)  -> (artifact id: '54e5f50651d7efe580c34fb327482450') in 0.005923 seconds
  Import took 0.009695 seconds .

========================================================================
Received Import Request.
  Time since last request: 1.735578 seconds.
  path: Assets/Scripts/Basket.cs
  artifactKey: Guid(97001da77c56f5e44936264167592269) Importer(815301076,1909f56bfc062723c751e8b465ee728b)
Start importing Assets/Scripts/Basket.cs using Guid(97001da77c56f5e44936264167592269) Importer(815301076,1909f56bfc062723c751e8b465ee728b)  -> (artifact id: '54e5f50651d7efe580c34fb327482450') in 0.003792 seconds
  Import took 0.011261 seconds .

========================================================================
Received Prepare
Registering precompiled user dll's ...
Registered in 0.000848 seconds.
Begin MonoManager ReloadAssembly
Native extension for WindowsStandalone target not found
Native extension for WebGL target not found
Refreshing native plugins compatible for Editor in 0.28 ms, found 0 plugins.
Preloading 0 native plugins for Editor in 0.00 ms.
Invoked RoslynAnalysisRunner static constructor.
RoslynAnalysisRunner will not be running.
RoslynAnalysisRunner has terminated.
Mono: successfully reloaded assembly
- Completed reload, in  1.169 seconds
Platform modules already initialized, skipping
Refreshing native plugins compatible for Editor in 0.28 ms, found 0 plugins.
Preloading 0 native plugins for Editor in 0.00 ms.
Unloading 1114 Unused Serialized files (Serialized files now loaded: 0)
System memory in use before: 60.4 MB.
System memory in use after: 60.5 MB.

Unloading 5 unused Assets to reduce memory usage. Loaded Objects now: 1584.
Total: 3.308500 ms (FindLiveObjects: 0.529800 ms CreateObjectMapping: 0.206800 ms MarkObjects: 2.477700 ms  DeleteObjects: 0.091700 ms)

========================================================================
Received Import Request.
  Time since last request: 1074.837110 seconds.
  path: Assets/Scripts/Apple.cs
  artifactKey: Guid(3f1d66b5f33517342a8258ecbecaaa55) Importer(815301076,1909f56bfc062723c751e8b465ee728b)
Start importing Assets/Scripts/Apple.cs using Guid(3f1d66b5f33517342a8258ecbecaaa55) Importer(815301076,1909f56bfc062723c751e8b465ee728b)  -> (artifact id: 'bd76257411bbafc71bcccb5f98e81372') in 0.037076 seconds
  Import took 0.041623 seconds .

========================================================================
Received Import Request.
  Time since last request: 624.908594 seconds.
  path: Assets/Scripts/Apple.cs
  artifactKey: Guid(3f1d66b5f33517342a8258ecbecaaa55) Importer(815301076,1909f56bfc062723c751e8b465ee728b)
Start importing Assets/Scripts/Apple.cs using Guid(3f1d66b5f33517342a8258ecbecaaa55) Importer(815301076,1909f56bfc062723c751e8b465ee728b)  -> (artifact id: 'b73ad5eefeb64191ca1cbdb572c576ea') in 0.008667 seconds
  Import took 0.014372 seconds .

========================================================================
Received Import Request.
  Time since last request: 2.868427 seconds.
  path: Assets/Scripts/ApplePicker.cs
  artifactKey: Guid(28bff5e9aca4a7b459669f424900d4fe) Importer(815301076,1909f56bfc062723c751e8b465ee728b)
Start importing Assets/Scripts/ApplePicker.cs using Guid(28bff5e9aca4a7b459669f424900d4fe) Importer(815301076,1909f56bfc062723c751e8b465ee728b)  -> (artifact id: 'e0fcb82b2ff05bbfc0a1bac233744d14') in 0.014332 seconds
  Import took 0.019710 seconds .

========================================================================
Received Import Request.
  Time since last request: 194.467862 seconds.
  path: Assets/Scripts/ApplePicker.cs
  artifactKey: Guid(28bff5e9aca4a7b459669f424900d4fe) Importer(815301076,1909f56bfc062723c751e8b465ee728b)
Start importing Assets/Scripts/ApplePicker.cs using Guid(28bff5e9aca4a7b459669f424900d4fe) Importer(815301076,1909f56bfc062723c751e8b465ee728b)  -> (artifact id: '87f7a3d8327d0d5c637b4fb6efd5d7df') in 0.007871 seconds
  Import took 0.014972 seconds .

========================================================================
Received Prepare
Registering precompiled user dll's ...
Registered in 0.001236 seconds.
Begin MonoManager ReloadAssembly
Native extension for WindowsStandalone target not found
Native extension for WebGL target not found
Refreshing native plugins compatible for Editor in 0.27 ms, found 0 plugins.
Preloading 0 native plugins for Editor in 0.00 ms.
Invoked RoslynAnalysisRunner static constructor.
RoslynAnalysisRunner will not be running.
RoslynAnalysisRunner has terminated.
Mono: successfully reloaded assembly
- Completed reload, in  1.141 seconds
Platform modules already initialized, skipping
Refreshing native plugins compatible for Editor in 0.27 ms, found 0 plugins.
Preloading 0 native plugins for Editor in 0.00 ms.
Unloading 1114 Unused Serialized files (Serialized files now loaded: 0)
System memory in use before: 60.4 MB.
System memory in use after: 60.5 MB.

Unloading 5 unused Assets to reduce memory usage. Loaded Objects now: 1587.
Total: 2.546300 ms (FindLiveObjects: 0.213400 ms CreateObjectMapping: 0.124200 ms MarkObjects: 2.129300 ms  DeleteObjects: 0.077800 ms)

========================================================================
Received Import Request.
  Time since last request: 64.759732 seconds.
  path: Assets/Scripts/ApplePicker.cs
  artifactKey: Guid(28bff5e9aca4a7b459669f424900d4fe) Importer(815301076,1909f56bfc062723c751e8b465ee728b)
Start importing Assets/Scripts/ApplePicker.cs using Guid(28bff5e9aca4a7b459669f424900d4fe) Importer(815301076,1909f56bfc062723c751e8b465ee728b)  -> (artifact id: '7a6675ba6008e2f7fa27eaf362edb4cb') in 0.006274 seconds
  Import took 0.009948 seconds .

========================================================================
Received Prepare
Registering precompiled user dll's ...
Registered in 0.000793 seconds.
Begin MonoManager ReloadAssembly
Native extension for WindowsStandalone target not found
Native extension for WebGL target not found
Refreshing native plugins compatible for Editor in 0.28 ms, found 0 plugins.
Preloading 0 native plugins for Editor in 0.00 ms.
Invoked RoslynAnalysisRunner static constructor.
RoslynAnalysisRunner will not be running.
RoslynAnalysisRunner has terminated.
Mono: successfully reloaded assembly
- Completed reload, in  1.219 seconds
Platform modules already initialized, skipping
Refreshing native plugins compatible for Editor in 0.31 ms, found 0 plugins.
Preloading 0 native plugins for Editor in 0.00 ms.
Unloading 1114 Unused Serialized files (Serialized files now loaded: 0)
System memory in use before: 60.4 MB.
System memory in use after: 60.5 MB.

Unloading 5 unused Assets to reduce memory usage. Loaded Objects now: 1590.
Total: 2.745700 ms (FindLiveObjects: 0.362400 ms CreateObjectMapping: 0.146000 ms MarkObjects: 2.166200 ms  DeleteObjects: 0.069200 ms)

========================================================================
Received Import Request.
  Time since last request: 429.490814 seconds.
  path: Assets/Scripts/ApplePicker.cs
  artifactKey: Guid(28bff5e9aca4a7b459669f424900d4fe) Importer(815301076,1909f56bfc062723c751e8b465ee728b)
Start importing Assets/Scripts/ApplePicker.cs using Guid(28bff5e9aca4a7b459669f424900d4fe) Importer(815301076,1909f56bfc062723c751e8b465ee728b)  -> (artifact id: 'a47d98154c7278c310c94759e70c212c') in 0.006488 seconds
  Import took 0.010278 seconds .

========================================================================
Received Prepare
Registering precompiled user dll's ...
Registered in 0.001109 seconds.
Begin MonoManager ReloadAssembly
Native extension for WindowsStandalone target not found
Native extension for WebGL target not found
Refreshing native plugins compatible for Editor in 0.28 ms, found 0 plugins.
Preloading 0 native plugins for Editor in 0.00 ms.
Invoked RoslynAnalysisRunner static constructor.
RoslynAnalysisRunner will not be running.
RoslynAnalysisRunner has terminated.
Mono: successfully reloaded assembly
- Completed reload, in  1.092 seconds
Platform modules already initialized, skipping
Refreshing native plugins compatible for Editor in 0.27 ms, found 0 plugins.
Preloading 0 native plugins for Editor in 0.00 ms.
Unloading 1114 Unused Serialized files (Serialized files now loaded: 0)
System memory in use before: 60.4 MB.
System memory in use after: 60.5 MB.

Unloading 5 unused Assets to reduce memory usage. Loaded Objects now: 1593.
Total: 2.342900 ms (FindLiveObjects: 0.287200 ms CreateObjectMapping: 0.065700 ms MarkObjects: 1.912900 ms  DeleteObjects: 0.075100 ms)

AssetImportWorkerClient::OnTransportError - code=2 error=End of file
